<?xml version="1.0" encoding="UTF-8"?>
<!-- Generated by org.testng.reporters.JUnitReportReporter -->
<testsuite hostname="DESKTOP-22OGAN6" failures="0" tests="1" name="tests.basic.PageObjectCode" time="22.403" errors="0" timestamp="2024-05-25T22:33:29 IDT" skipped="0">
  <testcase classname="tests.basic.PageObjectCode" name="test" time="22.403"/>
  <system-out/>
</testsuite> <!-- tests.basic.PageObjectCode -->
